build/app/outputs/mapping/release/mapping.txt
# compiler: R8
# compiler_version: 1.5.64
# min_api: 16
# pg_map_id: 29e91d6
...
com.google.android.gms.common.api.internal.ListenerHolder$ListenerKey -> com.google.android.gms.common.api.internal.i:
    java.lang.Object zajn -> a
    java.lang.String zajp -> b
com.google.android.gms.common.api.internal.OnConnectionFailedListener -> com.google.android.gms.common.api.internal.j:
    void onConnectionFailed(com.google.android.gms.common.ConnectionResult) -> a
com.google.android.gms.common.api.internal.RegisterListenerMethod -> com.google.android.gms.common.api.internal.k:
    void clearListener() -> a
    void registerListener(com.google.android.gms.common.api.Api$AnyClient,com.google.android.gms.tasks.TaskCompletionSource) -> a
    com.google.android.gms.common.Feature[] getRequiredFeatures() -> b
    boolean shouldAutoResolveMissingFeatures() -> c
com.google.android.gms.common.api.internal.RemoteCall -> com.google.android.gms.common.api.internal.l:
    void accept(java.lang.Object,java.lang.Object) -> a
com.google.android.gms.common.api.internal.StatusExceptionMapper -> com.google.android.gms.common.api.internal.m:
    java.lang.Exception getException(com.google.android.gms.common.api.Status) -> a
com.google.android.gms.common.api.internal.TaskApiCall -> com.google.android.gms.common.api.internal.n:
    com.google.android.gms.common.Feature[] zakh -> a
    boolean zako -> b
    void doExecute(com.google.android.gms.common.api.Api$AnyClient,com.google.android.gms.tasks.TaskCompletionSource) -> a
    boolean shouldAutoResolveMissingFeatures() -> a
    com.google.android.gms.common.Feature[] zabr() -> b
    com.google.android.gms.common.api.internal.TaskApiCall$Builder builder() -> c
com.google.android.gms.common.api.internal.TaskApiCall$Builder -> com.google.android.gms.common.api.internal.n$a:
    com.google.android.gms.common.Feature[] zakh -> c
    com.google.android.gms.common.api.internal.RemoteCall zakp -> a
    boolean zako -> b
    com.google.android.gms.common.api.internal.TaskApiCall build() -> a
    com.google.android.gms.common.api.internal.TaskApiCall$Builder run(com.google.android.gms.common.api.internal.RemoteCall) -> a
    com.google.android.gms.common.api.internal.TaskApiCall$Builder setAutoResolveMissingFeatures(boolean) -> a
    com.google.android.gms.common.api.internal.TaskApiCall$Builder setFeatures(com.google.android.gms.common.Feature[]) -> a
    com.google.android.gms.common.api.internal.RemoteCall zaa(com.google.android.gms.common.api.internal.TaskApiCall$Builder) -> a
com.google.android.gms.common.api.internal.UnregisterListenerMethod -> com.google.android.gms.common.api.internal.o:
    void unregisterListener(com.google.android.gms.common.api.Api$AnyClient,com.google.android.gms.tasks.TaskCompletionSource) -> a
com.google.android.gms.common.api.internal.zaab -> com.google.android.gms.common.api.internal.p:
    com.google.android.gms.common.api.internal.zaz zafq -> b
    com.google.android.gms.tasks.TaskCompletionSource zafp -> a
    void onComplete(com.google.android.gms.tasks.Task) -> a
com.google.android.gms.common.api.internal.zaad -> com.google.android.gms.common.api.internal.q:
com.google.android.gms.common.api.internal.zaae -> com.google.android.gms.common.api.internal.r:
    com.google.android.gms.common.api.internal.ApiKey zaft -> a
    com.google.android.gms.tasks.TaskCompletionSource zafu -> b
    com.google.android.gms.common.api.internal.ApiKey getApiKey() -> a
    com.google.android.gms.tasks.TaskCompletionSource zaaj() -> b
com.google.android.gms.common.api.internal.zaag -> com.google.android.gms.common.api.internal.s:
com.google.android.gms.common.api.internal.zab -> com.google.android.gms.common.api.internal.t:
    com.google.android.gms.common.Feature[] zaa(com.google.android.gms.common.api.internal.GoogleApiManager$zaa) -> b
    boolean zab(com.google.android.gms.common.api.internal.GoogleApiManager$zaa) -> c